<?xml version="1.0" encoding="UTF-8"?>
<!-- Generated by org.testng.reporters.JUnitReportReporter -->
<testsuite hostname="DESKTOP-E0GVFHC" name="com.Annotations2.Annotations2" tests="2" failures="0" timestamp="9 Mar 2019 12:14:29 GMT" time="0.010" errors="0">
  <testcase name="inbox" time="0.010" classname="com.Annotations2.Annotations2"/>
  <testcase name="Drafts" time="0.000" classname="com.Annotations2.Annotations2"/>
</testsuite> <!-- com.Annotations2.Annotations2 -->
