<?xml version="1.0" encoding="UTF-8"?>
<!-- Generated by org.testng.reporters.JUnitReportReporter -->
<testsuite hostname="DESKTOP-E0GVFHC" name="com.DataDriven_NewTours.xmlDemo" tests="1" failures="0" timestamp="14 Mar 2019 01:07:55 GMT" time="0.000" errors="0">
  <testcase name="DisplayResult" time="0.000" classname="com.DataDriven_NewTours.xmlDemo"/>
</testsuite> <!-- com.DataDriven_NewTours.xmlDemo -->
