<?xml version="1.0" encoding="UTF-8"?>
<!-- Generated by org.testng.reporters.JUnitReportReporter -->
<testsuite hostname="DESKTOP-E0GVFHC" name="com.Annotations.Annotations11" tests="4" failures="0" timestamp="9 Mar 2019 11:46:20 GMT" time="0.016" errors="0">
  <testcase name="Drafts" time="0.001" classname="com.Annotations.Annotations11"/>
  <testcase name="applicationLaunch" time="0.013" classname="com.Annotations.Annotations11"/>
  <testcase name="ComposeMail" time="0.001" classname="com.Annotations.Annotations11"/>
  <testcase name="inbox" time="0.001" classname="com.Annotations.Annotations11"/>
</testsuite> <!-- com.Annotations.Annotations11 -->
