<?xml version="1.0" encoding="UTF-8"?>
<!-- Generated by org.testng.reporters.JUnitReportReporter -->
<testsuite hostname="DESKTOP-E0GVFHC" name="com.GRID.NewParameterTest" tests="1" failures="0" timestamp="20 Mar 2019 06:43:39 GMT" time="0.036" errors="0">
  <testcase name="parameterTest" time="0.036" classname="com.GRID.NewParameterTest"/>
</testsuite> <!-- com.GRID.NewParameterTest -->
