<?xml version="1.0" encoding="UTF-8"?>
<!-- Generated by org.testng.reporters.JUnitReportReporter -->
<testsuite hostname="DESKTOP-E0GVFHC" name="com.OHRM.TestScripts.LogInTest" tests="1" failures="0" timestamp="14 Mar 2019 02:03:28 GMT" time="13.796" errors="0">
  <testcase name="LogIn" time="13.796" classname="com.OHRM.TestScripts.LogInTest"/>
</testsuite> <!-- com.OHRM.TestScripts.LogInTest -->
