<?xml version="1.0" encoding="UTF-8"?>
<!-- Generated by org.testng.reporters.JUnitReportReporter -->
<testsuite hostname="DESKTOP-E0GVFHC" name="com.POM.NewTours_Homepage_Automation" tests="1" failures="0" timestamp="16 Mar 2019 06:38:40 GMT" time="21.320" errors="0">
  <testcase name="homepage" time="21.320" classname="com.POM.NewTours_Homepage_Automation"/>
</testsuite> <!-- com.POM.NewTours_Homepage_Automation -->
